<?xml version="1.0" encoding="UTF-8"?>
<!-- Generated by org.testng.reporters.JUnitReportReporter -->
<testsuite name="testcases.TC_001" tests="1" time="4.205" ignored="0" failures="0" timestamp="09 Jan 2020 17:07:24 GMT" skipped="0" hostname="DESKTOP-OP4HRB2" errors="0">
  <testcase name="Test_1" time="4.205" classname="testcases.TC_001"/>
</testsuite> <!-- testcases.TC_001 -->
